<!DOCTYPE html>
<html>
<head>
  <meta charset="utf-8">
  <meta name="viewport" content="width=device-width, initial-scale=1, shrink-to-fit=no">
  <title></title>
  <link rel="apple-touch-icon" href="https://cdn.jsdelivr.net/gh/extent-framework/extent-github-cdn@3da944e596e81f10ac6c1042c792af8a5a741023/commons/img/logo.png">
  <link rel="shortcut icon" href="https://cdn.jsdelivr.net/gh/extent-framework/extent-github-cdn@3da944e596e81f10ac6c1042c792af8a5a741023/commons/img/logo.png">
  <link href="https://cdn.jsdelivr.net/gh/extent-framework/extent-github-cdn@8539670db814bf19a0ddbe9a6d19058aea0cf981/spark/css/spark-style.css" rel="stylesheet" />
  <link href="https://stackpath.bootstrapcdn.com/font-awesome/4.7.0/css/font-awesome.min.css" rel="stylesheet">
  <style> </style>
</head>
<script src="https://cdn.rawgit.com/extent-framework/extent-github-cdn/7cc78ce/spark/js/jsontree.js"></script>
<body class="spa ">
    <div class="app header-dark side-nav-folded">
        <div class="layout">
            <div class="header navbar">
    <div class="header-container">
        <div class="nav-logo">
          <a href="index.html">
            <div class="logo logo-dark" style="background-image: url('https://cdn.rawgit.com/extent-framework/extent-github-cdn/d74480e/commons/img/logo.png')"></div>
            <div class="logo logo-white" style="background-image: url('https://cdn.rawgit.com/extent-framework/extent-github-cdn/d74480e/commons/img/logo.png')"></div>
          </a>
        </div>
        <ul class="nav-left">
          <li>
            <a class="sidenav-fold-toggler" href="javascript:void(0);">
              <i class="fa fa-bars"></i>
            </a>
            <a class="sidenav-expand-toggler" href="javascript:void(0);">
              <i class="fa fa-bars"></i>
            </a>
          </li>
          <li class="search-box">
            <a class="search-toggle" href="javascript:void(0);">
              <i class="search-icon fa fa-search"></i>
              <i class="search-icon-close fa fa-close"></i>
            </a>
          </li>
          <li class="search-input">
            <input id="search-tests" class="form-control" type="text" placeholder="Type to search...">
          </li>
        </ul>
        <ul class="nav-right">
          <li class="m-r-10">
            <a href="#">
              <span class="badge badge-primary"></span>
            </a>
          </li>
            <li class="m-r-10">
                <a href="#">
                    <span class="badge badge-primary">5/3/2021 1:48:40 AM</span>
                </a>
            </li>
        </ul>
    </div>
</div>
            <div class="side-nav side-nav-folded">
  <div class="side-nav-inner">
    <ul class="side-nav-menu scrollable">
      <li class="nav-item dropdown" onclick="toggleView('test-view')">
        <a id="nav-test" class="dropdown-toggle" href="index.html">
          <span class="icon-holder">
            <i class="fa fa-align-left"></i>
          </span>
          <span class="title">Tests</span>
        </a>
      </li>
            <li class="nav-item dropdown" onclick="toggleView('dashboard-view')">
        <a id="nav-dashboard" class="dropdown-toggle" href="dashboard.html">
          <span class="icon-holder">
            <i class="fa fa-bar-chart"></i>
          </span>
          <span class="title">Dashboard</span>
        </a>
      </li>
    </ul>
  </div>
  <div class="side-nav-controls">
    <ul>
      <li>
        <a href="#" class="lightsout" style="color:#8a8a8a;">
          <i class="fa fa-desktop"></i>"</a>
      </li>
    </ul>
  </div>
</div>

            <div class="page-container">
                <div class="main-content">
                    <div class="test-wrapper row test-view">
    <div class="test-list">
        <div class="test-list-tools">
            <ul class="tools pull-left">
                <li>
                    <a href="">
                        <span class="font-size-14">Tests</span>
                    </a>
                </li> 
            </ul>
            <ul class="tools text-right">
				<li class="user-profile dropdown dropdown-animated scale-left">
					<a href="#" class="dropdown-toggle" data-toggle="dropdown">
						<i class="fa fa-exclamation-circle"></i>
					</a>
					<ul id="status-toggle" class="dropdown-menu dropdown-md p-v-0">
<a status="pass" class="dropdown-item" href="#"><span>Pass</span><span class="status success pull-right"></span></a>						<a status="fail" class="dropdown-item" href="#"><span>Fail</span><span class="status danger pull-right"></span></a>																														<div class="dropdown-divider"></div>
						<a status="clear" class="dropdown-item" href="#"><span>Clear</span><span class="pull-right"><i class="fa fa-close"></i></span></a>
					</ul>
				</li>
								            </ul>
        </div>
        <div class="test-list-wrapper scrollable">
            <ul class="test-list-item">
					<li class="test-item" status="fail" author="" device="" tag="" test-id="1"> 
						<div class="status-avatar fail-bg">
							<i class="fa fa-times text-white"></i>
						</div>
						<div class="open-test">
							<div class="test-detail"> 
								<p class="name">EHUB-13819</p> 
								<p class="duration text-sm">0h:2m:0s+114ms</p> 
								<span class="datetime">01:48:43 AM</span>
							</div>
						</div>
						<div class="test-contents d-none">
							<div class="detail-head">
								<div class="p-v-10 d-inline-block">	
									<div class="info">
										<h5 class="test-status text-fail">EHUB-13819</h5>
										<span class='badge badge-success'>5/3/2021 1:48:43 AM</span>
										<span class='badge badge-danger'>5/3/2021 1:50:43 AM</span>
										<span class='badge badge-default'>0h:2m:0s+114ms</span>
									</div>
																	</div>
							</div>
<div class="detail-body mt-4">												
	
<table class="table table-sm">
	<thead><tr>
		<th class="status-col">Status</th>
		<th class="timestamp-col">Timestamp</th>
		<th class="details-col">Details</th>
	</tr></thead>
	<tbody>
			<tr class="event-row">
				<td><i class="fa fa-info text-info"></i></td>
				<td>01:48:43</td>
				<td>
Execution Started									</td>
			</tr>
			<tr class="event-row">
				<td><i class="fa fa-info text-info"></i></td>
				<td>01:48:47</td>
				<td>
VUE_Login									</td>
			</tr>
			<tr class="event-row">
				<td><i class="fa fa-info text-info"></i></td>
				<td>01:49:01</td>
				<td>
VUE_Wait_For_State									</td>
			</tr>
			<tr class="event-row">
				<td><i class="fa fa-info text-info"></i></td>
				<td>01:49:03</td>
				<td>
VUE_Change_State									</td>
			</tr>
			<tr class="event-row">
				<td><i class="fa fa-info text-info"></i></td>
				<td>01:49:06</td>
				<td>
VUE_Change_State									</td>
			</tr>
			<tr class="event-row">
				<td><i class="fa fa-info text-info"></i></td>
				<td>01:49:09</td>
				<td>
VUE_Manual_Dial									</td>
			</tr>
			<tr class="event-row">
				<td><i class="fa fa-info text-info"></i></td>
				<td>01:49:20</td>
				<td>
VUE_Hangup									</td>
			</tr>
			<tr class="event-row">
				<td><i class="fa fa-info text-info"></i></td>
				<td>01:49:22</td>
				<td>
VUE_Wait_For_State									</td>
			</tr>
			<tr class="event-row">
				<td><i class="fa fa-info text-info"></i></td>
				<td>01:49:23</td>
				<td>
VUE_Login									</td>
			</tr>
			<tr class="event-row">
				<td><i class="fa fa-info text-info"></i></td>
				<td>01:49:36</td>
				<td>
VUE_Wait_For_State									</td>
			</tr>
			<tr class="event-row">
				<td><i class="fa fa-info text-info"></i></td>
				<td>01:49:38</td>
				<td>
Generate_Voicecalls_prophecy									</td>
			</tr>
			<tr class="event-row">
				<td><i class="fa fa-info text-info"></i></td>
				<td>01:49:38</td>
				<td>
VUE_Accept_Reject									</td>
			</tr>
			<tr class="event-row">
				<td><i class="fa fa-times text-fail"></i></td>
				<td>01:50:43</td>
				<td>
<pre>OpenQA.Selenium.WebDriverTimeoutException: Timed out after 60 seconds
 ---> OpenQA.Selenium.NoSuchElementException: no such element: Unable to locate element: {"method":"xpath","selector":"//*[@id='navbar-dispCurrentState' and @title='Ringing '] | //*[@id='navbar-dispCurrentState' and @title='Incoming ']"}
  (Session info: chrome=90.0.4430.93)
   at OpenQA.Selenium.Remote.RemoteWebDriver.UnpackAndThrowOnError(Response errorResponse)
   at OpenQA.Selenium.Remote.RemoteWebDriver.Execute(String driverCommandToExecute, Dictionary`2 parameters)
   at OpenQA.Selenium.Remote.RemoteWebDriver.FindElement(String mechanism, String value)
   at OpenQA.Selenium.Remote.RemoteWebDriver.FindElementByXPath(String xpath)
   at OpenQA.Selenium.By.<>c__DisplayClass19_0.<XPath>b__0(ISearchContext context)
   at SeleniumExtras.WaitHelpers.ExpectedConditions.<>c__DisplayClass19_0.<ElementToBeClickable>b__0(IWebDriver driver)
   at OpenQA.Selenium.Support.UI.DefaultWait`1.Until[TResult](Func`2 condition)
   --- End of inner exception stack trace ---
   at OpenQA.Selenium.Support.UI.DefaultWait`1.ThrowTimeoutException(String exceptionMessage, Exception lastException)
   at OpenQA.Selenium.Support.UI.DefaultWait`1.Until[TResult](Func`2 condition)
   at Suren_nunit.Utility.Custommethods.Click(IWebDriver driver, String testname, String element, String elementtype) in D:\BitBucket\SYSTST_Automation_1.0\SYSTST_Automation\Utility\Custommethods.cs:line 43
   at Suren_nunit.Page.MethodsVUE.VUE_Accept_Reject(IWebDriver driver, ExtentTest test, String testname, String status) in D:\BitBucket\SYSTST_Automation_1.0\SYSTST_Automation\Pages\MethodsVUE.cs:line 471
   at Suren_nunit.Suren_EHUB_HFBugs.EHUB_13819() in D:\BitBucket\SYSTST_Automation_1.0\SYSTST_Automation\Suren\Suren_EHUB_HFBugs.cs:line 835</pre>									</td>
			</tr>
			<tr class="event-row">
				<td><i class="fa fa-times text-fail"></i></td>
				<td>01:50:43</td>
				<td>
Snapshot below: AventStack.ExtentReports.ExtentTest									</td>
			</tr>
			<tr class="event-row">
				<td><i class="fa fa-times text-fail"></i></td>
				<td>01:50:43</td>
				<td>
Snapshot below: AventStack.ExtentReports.ExtentTest									</td>
			</tr>
	</tbody>
</table>

</div>    
<img class='r-img' title='' onerror='this.style.display="none"' data-featherlight='D:\BitBucket\SYSTST_Automation_1.0\SYSTST_Automation\bin\Debug\netcoreapp3.1\Logs\2021-05-03 1-50-40-AM.png' src='D:\BitBucket\SYSTST_Automation_1.0\SYSTST_Automation\bin\Debug\netcoreapp3.1\Logs\2021-05-03 1-50-40-AM.png' data-src='D:\BitBucket\SYSTST_Automation_1.0\SYSTST_Automation\bin\Debug\netcoreapp3.1\Logs\2021-05-03 1-50-40-AM.png'><img class='r-img' title='' onerror='this.style.display="none"' data-featherlight='D:\BitBucket\SYSTST_Automation_1.0\SYSTST_Automation\bin\Debug\netcoreapp3.1\Logs\2021-05-03 1-50-40-AM1_.png' src='D:\BitBucket\SYSTST_Automation_1.0\SYSTST_Automation\bin\Debug\netcoreapp3.1\Logs\2021-05-03 1-50-40-AM1_.png' data-src='D:\BitBucket\SYSTST_Automation_1.0\SYSTST_Automation\bin\Debug\netcoreapp3.1\Logs\2021-05-03 1-50-40-AM1_.png'>						</div>
					</li>
					<li class="test-item" status="fail" author="" device="" tag="" test-id="2"> 
						<div class="status-avatar fail-bg">
							<i class="fa fa-times text-white"></i>
						</div>
						<div class="open-test">
							<div class="test-detail"> 
								<p class="name">EHUB_13825</p> 
								<p class="duration text-sm">0h:1m:19s+595ms</p> 
								<span class="datetime">01:50:46 AM</span>
							</div>
						</div>
						<div class="test-contents d-none">
							<div class="detail-head">
								<div class="p-v-10 d-inline-block">	
									<div class="info">
										<h5 class="test-status text-fail">EHUB_13825</h5>
										<span class='badge badge-success'>5/3/2021 1:50:46 AM</span>
										<span class='badge badge-danger'>5/3/2021 1:52:06 AM</span>
										<span class='badge badge-default'>0h:1m:19s+595ms</span>
									</div>
																	</div>
							</div>
<div class="detail-body mt-4">												
	
<table class="table table-sm">
	<thead><tr>
		<th class="status-col">Status</th>
		<th class="timestamp-col">Timestamp</th>
		<th class="details-col">Details</th>
	</tr></thead>
	<tbody>
			<tr class="event-row">
				<td><i class="fa fa-info text-info"></i></td>
				<td>01:50:46</td>
				<td>
Execution Started									</td>
			</tr>
			<tr class="event-row">
				<td><i class="fa fa-info text-info"></i></td>
				<td>01:50:49</td>
				<td>
VUE_Login									</td>
			</tr>
			<tr class="event-row">
				<td><i class="fa fa-info text-info"></i></td>
				<td>01:51:03</td>
				<td>
VUE_Wait_For_State									</td>
			</tr>
			<tr class="event-row">
				<td><i class="fa fa-times text-fail"></i></td>
				<td>01:52:06</td>
				<td>
<pre>OpenQA.Selenium.WebDriverException: The HTTP request to the remote WebDriver server for URL http://localhost:31709/session/db15f7de19c4527c42983a2ae2a4e434/element timed out after 60 seconds.
 ---> System.Net.WebException: The operation has timed out.
   at System.Net.HttpWebRequest.GetResponse()
   at OpenQA.Selenium.Remote.HttpCommandExecutor.MakeHttpRequest(HttpRequestInfo requestInfo)
   --- End of inner exception stack trace ---
   at OpenQA.Selenium.Remote.HttpCommandExecutor.MakeHttpRequest(HttpRequestInfo requestInfo)
   at OpenQA.Selenium.Remote.HttpCommandExecutor.Execute(Command commandToExecute)
   at OpenQA.Selenium.Remote.DriverServiceCommandExecutor.Execute(Command commandToExecute)
   at OpenQA.Selenium.Remote.RemoteWebDriver.Execute(String driverCommandToExecute, Dictionary`2 parameters)
   at OpenQA.Selenium.Remote.RemoteWebDriver.FindElement(String mechanism, String value)
   at OpenQA.Selenium.Remote.RemoteWebDriver.FindElementByXPath(String xpath)
   at OpenQA.Selenium.By.<>c__DisplayClass19_0.<XPath>b__0(ISearchContext context)
   at SeleniumExtras.WaitHelpers.ExpectedConditions.<>c__DisplayClass19_0.<ElementToBeClickable>b__0(IWebDriver driver)
   at OpenQA.Selenium.Support.UI.DefaultWait`1.Until[TResult](Func`2 condition)
   at Suren_nunit.Utility.Custommethods.Click(IWebDriver driver, String testname, String element, String elementtype) in D:\BitBucket\SYSTST_Automation_1.0\SYSTST_Automation\Utility\Custommethods.cs:line 43
   at Suren_nunit.Page.MethodsVUE.VUE_Wait_For_State(IWebDriver driver, ExtentTest test, String testname, String state, String rc) in D:\BitBucket\SYSTST_Automation_1.0\SYSTST_Automation\Pages\MethodsVUE.cs:line 140
   at Suren_nunit.Suren_EHUB_HFBugs.EHUB_13825() in D:\BitBucket\SYSTST_Automation_1.0\SYSTST_Automation\Suren\Suren_EHUB_HFBugs.cs:line 68</pre>									</td>
			</tr>
			<tr class="event-row">
				<td><i class="fa fa-times text-fail"></i></td>
				<td>01:52:06</td>
				<td>
Snapshot below: AventStack.ExtentReports.ExtentTest									</td>
			</tr>
			<tr class="event-row">
				<td><i class="fa fa-times text-fail"></i></td>
				<td>01:52:06</td>
				<td>
Snapshot below: AventStack.ExtentReports.ExtentTest									</td>
			</tr>
	</tbody>
</table>

</div>    
<img class='r-img' title='' onerror='this.style.display="none"' data-featherlight='D:\BitBucket\SYSTST_Automation_1.0\SYSTST_Automation\bin\Debug\netcoreapp3.1\Logs\2021-05-03 1-52-04-AM.png' src='D:\BitBucket\SYSTST_Automation_1.0\SYSTST_Automation\bin\Debug\netcoreapp3.1\Logs\2021-05-03 1-52-04-AM.png' data-src='D:\BitBucket\SYSTST_Automation_1.0\SYSTST_Automation\bin\Debug\netcoreapp3.1\Logs\2021-05-03 1-52-04-AM.png'><img class='r-img' title='' onerror='this.style.display="none"' data-featherlight='D:\BitBucket\SYSTST_Automation_1.0\SYSTST_Automation\bin\Debug\netcoreapp3.1\Logs\2021-05-03 1-52-04-AM1_.png' src='D:\BitBucket\SYSTST_Automation_1.0\SYSTST_Automation\bin\Debug\netcoreapp3.1\Logs\2021-05-03 1-52-04-AM1_.png' data-src='D:\BitBucket\SYSTST_Automation_1.0\SYSTST_Automation\bin\Debug\netcoreapp3.1\Logs\2021-05-03 1-52-04-AM1_.png'>						</div>
					</li>
					<li class="test-item" status="fail" author="" device="" tag="" test-id="3"> 
						<div class="status-avatar fail-bg">
							<i class="fa fa-times text-white"></i>
						</div>
						<div class="open-test">
							<div class="test-detail"> 
								<p class="name">EHUB_13832</p> 
								<p class="duration text-sm">0h:1m:18s+640ms</p> 
								<span class="datetime">01:52:09 AM</span>
							</div>
						</div>
						<div class="test-contents d-none">
							<div class="detail-head">
								<div class="p-v-10 d-inline-block">	
									<div class="info">
										<h5 class="test-status text-fail">EHUB_13832</h5>
										<span class='badge badge-success'>5/3/2021 1:52:09 AM</span>
										<span class='badge badge-danger'>5/3/2021 1:53:28 AM</span>
										<span class='badge badge-default'>0h:1m:18s+640ms</span>
									</div>
																	</div>
							</div>
<div class="detail-body mt-4">												
	
<table class="table table-sm">
	<thead><tr>
		<th class="status-col">Status</th>
		<th class="timestamp-col">Timestamp</th>
		<th class="details-col">Details</th>
	</tr></thead>
	<tbody>
			<tr class="event-row">
				<td><i class="fa fa-info text-info"></i></td>
				<td>01:52:09</td>
				<td>
Execution Started									</td>
			</tr>
			<tr class="event-row">
				<td><i class="fa fa-info text-info"></i></td>
				<td>01:52:12</td>
				<td>
VUE_Login									</td>
			</tr>
			<tr class="event-row">
				<td><i class="fa fa-info text-info"></i></td>
				<td>01:52:25</td>
				<td>
VUE_Wait_For_State									</td>
			</tr>
			<tr class="event-row">
				<td><i class="fa fa-times text-fail"></i></td>
				<td>01:53:28</td>
				<td>
<pre>OpenQA.Selenium.WebDriverException: The HTTP request to the remote WebDriver server for URL http://localhost:31843/session/1db05f744664b314e96310769b307b35/element timed out after 60 seconds.
 ---> System.Net.WebException: The operation has timed out.
   at System.Net.HttpWebRequest.GetResponse()
   at OpenQA.Selenium.Remote.HttpCommandExecutor.MakeHttpRequest(HttpRequestInfo requestInfo)
   --- End of inner exception stack trace ---
   at OpenQA.Selenium.Remote.HttpCommandExecutor.MakeHttpRequest(HttpRequestInfo requestInfo)
   at OpenQA.Selenium.Remote.HttpCommandExecutor.Execute(Command commandToExecute)
   at OpenQA.Selenium.Remote.DriverServiceCommandExecutor.Execute(Command commandToExecute)
   at OpenQA.Selenium.Remote.RemoteWebDriver.Execute(String driverCommandToExecute, Dictionary`2 parameters)
   at OpenQA.Selenium.Remote.RemoteWebDriver.FindElement(String mechanism, String value)
   at OpenQA.Selenium.Remote.RemoteWebDriver.FindElementByXPath(String xpath)
   at OpenQA.Selenium.By.<>c__DisplayClass19_0.<XPath>b__0(ISearchContext context)
   at SeleniumExtras.WaitHelpers.ExpectedConditions.<>c__DisplayClass19_0.<ElementToBeClickable>b__0(IWebDriver driver)
   at OpenQA.Selenium.Support.UI.DefaultWait`1.Until[TResult](Func`2 condition)
   at Suren_nunit.Utility.Custommethods.Click(IWebDriver driver, String testname, String element, String elementtype) in D:\BitBucket\SYSTST_Automation_1.0\SYSTST_Automation\Utility\Custommethods.cs:line 43
   at Suren_nunit.Page.MethodsVUE.VUE_Wait_For_State(IWebDriver driver, ExtentTest test, String testname, String state, String rc) in D:\BitBucket\SYSTST_Automation_1.0\SYSTST_Automation\Pages\MethodsVUE.cs:line 140
   at Suren_nunit.Suren_EHUB_HFBugs.EHUB_13832() in D:\BitBucket\SYSTST_Automation_1.0\SYSTST_Automation\Suren\Suren_EHUB_HFBugs.cs:line 736</pre>									</td>
			</tr>
			<tr class="event-row">
				<td><i class="fa fa-times text-fail"></i></td>
				<td>01:53:28</td>
				<td>
Snapshot below: AventStack.ExtentReports.ExtentTest									</td>
			</tr>
			<tr class="event-row">
				<td><i class="fa fa-times text-fail"></i></td>
				<td>01:53:28</td>
				<td>
Snapshot below: AventStack.ExtentReports.ExtentTest									</td>
			</tr>
	</tbody>
</table>

</div>    
<img class='r-img' title='' onerror='this.style.display="none"' data-featherlight='D:\BitBucket\SYSTST_Automation_1.0\SYSTST_Automation\bin\Debug\netcoreapp3.1\Logs\2021-05-03 1-53-26-AM.png' src='D:\BitBucket\SYSTST_Automation_1.0\SYSTST_Automation\bin\Debug\netcoreapp3.1\Logs\2021-05-03 1-53-26-AM.png' data-src='D:\BitBucket\SYSTST_Automation_1.0\SYSTST_Automation\bin\Debug\netcoreapp3.1\Logs\2021-05-03 1-53-26-AM.png'><img class='r-img' title='' onerror='this.style.display="none"' data-featherlight='D:\BitBucket\SYSTST_Automation_1.0\SYSTST_Automation\bin\Debug\netcoreapp3.1\Logs\2021-05-03 1-53-26-AM1_.png' src='D:\BitBucket\SYSTST_Automation_1.0\SYSTST_Automation\bin\Debug\netcoreapp3.1\Logs\2021-05-03 1-53-26-AM1_.png' data-src='D:\BitBucket\SYSTST_Automation_1.0\SYSTST_Automation\bin\Debug\netcoreapp3.1\Logs\2021-05-03 1-53-26-AM1_.png'>						</div>
					</li>
					<li class="test-item" status="fail" author="" device="" tag="" test-id="4"> 
						<div class="status-avatar fail-bg">
							<i class="fa fa-times text-white"></i>
						</div>
						<div class="open-test">
							<div class="test-detail"> 
								<p class="name">EHUB_13941</p> 
								<p class="duration text-sm">0h:1m:19s+891ms</p> 
								<span class="datetime">01:53:31 AM</span>
							</div>
						</div>
						<div class="test-contents d-none">
							<div class="detail-head">
								<div class="p-v-10 d-inline-block">	
									<div class="info">
										<h5 class="test-status text-fail">EHUB_13941</h5>
										<span class='badge badge-success'>5/3/2021 1:53:31 AM</span>
										<span class='badge badge-danger'>5/3/2021 1:54:51 AM</span>
										<span class='badge badge-default'>0h:1m:19s+891ms</span>
									</div>
																	</div>
							</div>
<div class="detail-body mt-4">												
	
<table class="table table-sm">
	<thead><tr>
		<th class="status-col">Status</th>
		<th class="timestamp-col">Timestamp</th>
		<th class="details-col">Details</th>
	</tr></thead>
	<tbody>
			<tr class="event-row">
				<td><i class="fa fa-info text-info"></i></td>
				<td>01:53:31</td>
				<td>
Execution Started									</td>
			</tr>
			<tr class="event-row">
				<td><i class="fa fa-info text-info"></i></td>
				<td>01:53:34</td>
				<td>
VUE_Login									</td>
			</tr>
			<tr class="event-row">
				<td><i class="fa fa-info text-info"></i></td>
				<td>01:53:48</td>
				<td>
VUE_Wait_For_State									</td>
			</tr>
			<tr class="event-row">
				<td><i class="fa fa-times text-fail"></i></td>
				<td>01:54:51</td>
				<td>
<pre>OpenQA.Selenium.WebDriverException: The HTTP request to the remote WebDriver server for URL http://localhost:31979/session/7d853e114e7a3eec481e09b34ffda277/element timed out after 60 seconds.
 ---> System.Net.WebException: The operation has timed out.
   at System.Net.HttpWebRequest.GetResponse()
   at OpenQA.Selenium.Remote.HttpCommandExecutor.MakeHttpRequest(HttpRequestInfo requestInfo)
   --- End of inner exception stack trace ---
   at OpenQA.Selenium.Remote.HttpCommandExecutor.MakeHttpRequest(HttpRequestInfo requestInfo)
   at OpenQA.Selenium.Remote.HttpCommandExecutor.Execute(Command commandToExecute)
   at OpenQA.Selenium.Remote.DriverServiceCommandExecutor.Execute(Command commandToExecute)
   at OpenQA.Selenium.Remote.RemoteWebDriver.Execute(String driverCommandToExecute, Dictionary`2 parameters)
   at OpenQA.Selenium.Remote.RemoteWebDriver.FindElement(String mechanism, String value)
   at OpenQA.Selenium.Remote.RemoteWebDriver.FindElementByXPath(String xpath)
   at OpenQA.Selenium.By.<>c__DisplayClass19_0.<XPath>b__0(ISearchContext context)
   at SeleniumExtras.WaitHelpers.ExpectedConditions.<>c__DisplayClass19_0.<ElementToBeClickable>b__0(IWebDriver driver)
   at OpenQA.Selenium.Support.UI.DefaultWait`1.Until[TResult](Func`2 condition)
   at Suren_nunit.Utility.Custommethods.Click(IWebDriver driver, String testname, String element, String elementtype) in D:\BitBucket\SYSTST_Automation_1.0\SYSTST_Automation\Utility\Custommethods.cs:line 43
   at Suren_nunit.Page.MethodsVUE.VUE_Wait_For_State(IWebDriver driver, ExtentTest test, String testname, String state, String rc) in D:\BitBucket\SYSTST_Automation_1.0\SYSTST_Automation\Pages\MethodsVUE.cs:line 140
   at Suren_nunit.Suren_EHUB_HFBugs.EHUB_13941() in D:\BitBucket\SYSTST_Automation_1.0\SYSTST_Automation\Suren\Suren_EHUB_HFBugs.cs:line 166</pre>									</td>
			</tr>
			<tr class="event-row">
				<td><i class="fa fa-times text-fail"></i></td>
				<td>01:54:51</td>
				<td>
Snapshot below: AventStack.ExtentReports.ExtentTest									</td>
			</tr>
			<tr class="event-row">
				<td><i class="fa fa-times text-fail"></i></td>
				<td>01:54:51</td>
				<td>
Snapshot below: AventStack.ExtentReports.ExtentTest									</td>
			</tr>
	</tbody>
</table>

</div>    
<img class='r-img' title='' onerror='this.style.display="none"' data-featherlight='D:\BitBucket\SYSTST_Automation_1.0\SYSTST_Automation\bin\Debug\netcoreapp3.1\Logs\2021-05-03 1-54-49-AM.png' src='D:\BitBucket\SYSTST_Automation_1.0\SYSTST_Automation\bin\Debug\netcoreapp3.1\Logs\2021-05-03 1-54-49-AM.png' data-src='D:\BitBucket\SYSTST_Automation_1.0\SYSTST_Automation\bin\Debug\netcoreapp3.1\Logs\2021-05-03 1-54-49-AM.png'><img class='r-img' title='' onerror='this.style.display="none"' data-featherlight='D:\BitBucket\SYSTST_Automation_1.0\SYSTST_Automation\bin\Debug\netcoreapp3.1\Logs\2021-05-03 1-54-49-AM1_.png' src='D:\BitBucket\SYSTST_Automation_1.0\SYSTST_Automation\bin\Debug\netcoreapp3.1\Logs\2021-05-03 1-54-49-AM1_.png' data-src='D:\BitBucket\SYSTST_Automation_1.0\SYSTST_Automation\bin\Debug\netcoreapp3.1\Logs\2021-05-03 1-54-49-AM1_.png'>						</div>
					</li>
					<li class="test-item" status="fail" author="" device="" tag="" test-id="5"> 
						<div class="status-avatar fail-bg">
							<i class="fa fa-times text-white"></i>
						</div>
						<div class="open-test">
							<div class="test-detail"> 
								<p class="name">EHUB_18585_1</p> 
								<p class="duration text-sm">0h:1m:18s+335ms</p> 
								<span class="datetime">01:54:55 AM</span>
							</div>
						</div>
						<div class="test-contents d-none">
							<div class="detail-head">
								<div class="p-v-10 d-inline-block">	
									<div class="info">
										<h5 class="test-status text-fail">EHUB_18585_1</h5>
										<span class='badge badge-success'>5/3/2021 1:54:55 AM</span>
										<span class='badge badge-danger'>5/3/2021 1:56:13 AM</span>
										<span class='badge badge-default'>0h:1m:18s+335ms</span>
									</div>
																	</div>
							</div>
<div class="detail-body mt-4">												
	
<table class="table table-sm">
	<thead><tr>
		<th class="status-col">Status</th>
		<th class="timestamp-col">Timestamp</th>
		<th class="details-col">Details</th>
	</tr></thead>
	<tbody>
			<tr class="event-row">
				<td><i class="fa fa-info text-info"></i></td>
				<td>01:54:55</td>
				<td>
Execution Started									</td>
			</tr>
			<tr class="event-row">
				<td><i class="fa fa-info text-info"></i></td>
				<td>01:54:57</td>
				<td>
VUE_Login									</td>
			</tr>
			<tr class="event-row">
				<td><i class="fa fa-info text-info"></i></td>
				<td>01:55:09</td>
				<td>
VUE_Wait_For_State									</td>
			</tr>
			<tr class="event-row">
				<td><i class="fa fa-times text-fail"></i></td>
				<td>01:56:13</td>
				<td>
<pre>OpenQA.Selenium.WebDriverException: The HTTP request to the remote WebDriver server for URL http://localhost:32119/session/21d7029896236d5264c7e675ae3aadb7/element timed out after 60 seconds.
 ---> System.Net.WebException: The operation has timed out.
   at System.Net.HttpWebRequest.GetResponse()
   at OpenQA.Selenium.Remote.HttpCommandExecutor.MakeHttpRequest(HttpRequestInfo requestInfo)
   --- End of inner exception stack trace ---
   at OpenQA.Selenium.Remote.HttpCommandExecutor.MakeHttpRequest(HttpRequestInfo requestInfo)
   at OpenQA.Selenium.Remote.HttpCommandExecutor.Execute(Command commandToExecute)
   at OpenQA.Selenium.Remote.DriverServiceCommandExecutor.Execute(Command commandToExecute)
   at OpenQA.Selenium.Remote.RemoteWebDriver.Execute(String driverCommandToExecute, Dictionary`2 parameters)
   at OpenQA.Selenium.Remote.RemoteWebDriver.FindElement(String mechanism, String value)
   at OpenQA.Selenium.Remote.RemoteWebDriver.FindElementByXPath(String xpath)
   at OpenQA.Selenium.By.<>c__DisplayClass19_0.<XPath>b__0(ISearchContext context)
   at SeleniumExtras.WaitHelpers.ExpectedConditions.<>c__DisplayClass19_0.<ElementToBeClickable>b__0(IWebDriver driver)
   at OpenQA.Selenium.Support.UI.DefaultWait`1.Until[TResult](Func`2 condition)
   at Suren_nunit.Utility.Custommethods.Click(IWebDriver driver, String testname, String element, String elementtype) in D:\BitBucket\SYSTST_Automation_1.0\SYSTST_Automation\Utility\Custommethods.cs:line 43
   at Suren_nunit.Page.MethodsVUE.VUE_Wait_For_State(IWebDriver driver, ExtentTest test, String testname, String state, String rc) in D:\BitBucket\SYSTST_Automation_1.0\SYSTST_Automation\Pages\MethodsVUE.cs:line 140
   at Suren_nunit.Suren_EHUB_HFBugs.EHUB_18585_1() in D:\BitBucket\SYSTST_Automation_1.0\SYSTST_Automation\Suren\Suren_EHUB_HFBugs.cs:line 420</pre>									</td>
			</tr>
			<tr class="event-row">
				<td><i class="fa fa-times text-fail"></i></td>
				<td>01:56:13</td>
				<td>
Snapshot below: AventStack.ExtentReports.ExtentTest									</td>
			</tr>
			<tr class="event-row">
				<td><i class="fa fa-times text-fail"></i></td>
				<td>01:56:13</td>
				<td>
Snapshot below: AventStack.ExtentReports.ExtentTest									</td>
			</tr>
	</tbody>
</table>

</div>    
<img class='r-img' title='' onerror='this.style.display="none"' data-featherlight='D:\BitBucket\SYSTST_Automation_1.0\SYSTST_Automation\bin\Debug\netcoreapp3.1\Logs\2021-05-03 1-56-10-AM.png' src='D:\BitBucket\SYSTST_Automation_1.0\SYSTST_Automation\bin\Debug\netcoreapp3.1\Logs\2021-05-03 1-56-10-AM.png' data-src='D:\BitBucket\SYSTST_Automation_1.0\SYSTST_Automation\bin\Debug\netcoreapp3.1\Logs\2021-05-03 1-56-10-AM.png'><img class='r-img' title='' onerror='this.style.display="none"' data-featherlight='D:\BitBucket\SYSTST_Automation_1.0\SYSTST_Automation\bin\Debug\netcoreapp3.1\Logs\2021-05-03 1-56-10-AM1_.png' src='D:\BitBucket\SYSTST_Automation_1.0\SYSTST_Automation\bin\Debug\netcoreapp3.1\Logs\2021-05-03 1-56-10-AM1_.png' data-src='D:\BitBucket\SYSTST_Automation_1.0\SYSTST_Automation\bin\Debug\netcoreapp3.1\Logs\2021-05-03 1-56-10-AM1_.png'>						</div>
					</li>
					<li class="test-item" status="fail" author="" device="" tag="" test-id="6"> 
						<div class="status-avatar fail-bg">
							<i class="fa fa-times text-white"></i>
						</div>
						<div class="open-test">
							<div class="test-detail"> 
								<p class="name">EHUB_18585_2</p> 
								<p class="duration text-sm">0h:1m:19s+162ms</p> 
								<span class="datetime">01:56:16 AM</span>
							</div>
						</div>
						<div class="test-contents d-none">
							<div class="detail-head">
								<div class="p-v-10 d-inline-block">	
									<div class="info">
										<h5 class="test-status text-fail">EHUB_18585_2</h5>
										<span class='badge badge-success'>5/3/2021 1:56:16 AM</span>
										<span class='badge badge-danger'>5/3/2021 1:57:35 AM</span>
										<span class='badge badge-default'>0h:1m:19s+162ms</span>
									</div>
																	</div>
							</div>
<div class="detail-body mt-4">												
	
<table class="table table-sm">
	<thead><tr>
		<th class="status-col">Status</th>
		<th class="timestamp-col">Timestamp</th>
		<th class="details-col">Details</th>
	</tr></thead>
	<tbody>
			<tr class="event-row">
				<td><i class="fa fa-info text-info"></i></td>
				<td>01:56:16</td>
				<td>
Execution Started									</td>
			</tr>
			<tr class="event-row">
				<td><i class="fa fa-info text-info"></i></td>
				<td>01:56:19</td>
				<td>
VUE_Login									</td>
			</tr>
			<tr class="event-row">
				<td><i class="fa fa-info text-info"></i></td>
				<td>01:56:32</td>
				<td>
VUE_Wait_For_State									</td>
			</tr>
			<tr class="event-row">
				<td><i class="fa fa-times text-fail"></i></td>
				<td>01:57:35</td>
				<td>
<pre>OpenQA.Selenium.WebDriverException: The HTTP request to the remote WebDriver server for URL http://localhost:32265/session/be449e6cbbf2d19781f28faac4de91be/element timed out after 60 seconds.
 ---> System.Net.WebException: The operation has timed out.
   at System.Net.HttpWebRequest.GetResponse()
   at OpenQA.Selenium.Remote.HttpCommandExecutor.MakeHttpRequest(HttpRequestInfo requestInfo)
   --- End of inner exception stack trace ---
   at OpenQA.Selenium.Remote.HttpCommandExecutor.MakeHttpRequest(HttpRequestInfo requestInfo)
   at OpenQA.Selenium.Remote.HttpCommandExecutor.Execute(Command commandToExecute)
   at OpenQA.Selenium.Remote.DriverServiceCommandExecutor.Execute(Command commandToExecute)
   at OpenQA.Selenium.Remote.RemoteWebDriver.Execute(String driverCommandToExecute, Dictionary`2 parameters)
   at OpenQA.Selenium.Remote.RemoteWebDriver.FindElement(String mechanism, String value)
   at SeleniumExtras.WaitHelpers.ExpectedConditions.<>c__DisplayClass19_0.<ElementToBeClickable>b__0(IWebDriver driver)
   at OpenQA.Selenium.Support.UI.DefaultWait`1.Until[TResult](Func`2 condition)
   at Suren_nunit.Utility.Custommethods.Click(IWebDriver driver, String testname, String element, String elementtype) in D:\BitBucket\SYSTST_Automation_1.0\SYSTST_Automation\Utility\Custommethods.cs:line 43
   at Suren_nunit.Page.MethodsVUE.VUE_Wait_For_State(IWebDriver driver, ExtentTest test, String testname, String state, String rc) in D:\BitBucket\SYSTST_Automation_1.0\SYSTST_Automation\Pages\MethodsVUE.cs:line 140
   at Suren_nunit.Suren_EHUB_HFBugs.EHUb_18585_2() in D:\BitBucket\SYSTST_Automation_1.0\SYSTST_Automation\Suren\Suren_EHUB_HFBugs.cs:line 497</pre>									</td>
			</tr>
			<tr class="event-row">
				<td><i class="fa fa-times text-fail"></i></td>
				<td>01:57:35</td>
				<td>
Snapshot below: AventStack.ExtentReports.ExtentTest									</td>
			</tr>
			<tr class="event-row">
				<td><i class="fa fa-times text-fail"></i></td>
				<td>01:57:35</td>
				<td>
Snapshot below: AventStack.ExtentReports.ExtentTest									</td>
			</tr>
	</tbody>
</table>

</div>    
<img class='r-img' title='' onerror='this.style.display="none"' data-featherlight='D:\BitBucket\SYSTST_Automation_1.0\SYSTST_Automation\bin\Debug\netcoreapp3.1\Logs\2021-05-03 1-57-33-AM.png' src='D:\BitBucket\SYSTST_Automation_1.0\SYSTST_Automation\bin\Debug\netcoreapp3.1\Logs\2021-05-03 1-57-33-AM.png' data-src='D:\BitBucket\SYSTST_Automation_1.0\SYSTST_Automation\bin\Debug\netcoreapp3.1\Logs\2021-05-03 1-57-33-AM.png'><img class='r-img' title='' onerror='this.style.display="none"' data-featherlight='D:\BitBucket\SYSTST_Automation_1.0\SYSTST_Automation\bin\Debug\netcoreapp3.1\Logs\2021-05-03 1-57-33-AM1_.png' src='D:\BitBucket\SYSTST_Automation_1.0\SYSTST_Automation\bin\Debug\netcoreapp3.1\Logs\2021-05-03 1-57-33-AM1_.png' data-src='D:\BitBucket\SYSTST_Automation_1.0\SYSTST_Automation\bin\Debug\netcoreapp3.1\Logs\2021-05-03 1-57-33-AM1_.png'>						</div>
					</li>
					<li class="test-item" status="fail" author="" device="" tag="" test-id="7"> 
						<div class="status-avatar fail-bg">
							<i class="fa fa-times text-white"></i>
						</div>
						<div class="open-test">
							<div class="test-detail"> 
								<p class="name">EHUB_18585_3</p> 
								<p class="duration text-sm">0h:1m:18s+624ms</p> 
								<span class="datetime">01:57:39 AM</span>
							</div>
						</div>
						<div class="test-contents d-none">
							<div class="detail-head">
								<div class="p-v-10 d-inline-block">	
									<div class="info">
										<h5 class="test-status text-fail">EHUB_18585_3</h5>
										<span class='badge badge-success'>5/3/2021 1:57:39 AM</span>
										<span class='badge badge-danger'>5/3/2021 1:58:57 AM</span>
										<span class='badge badge-default'>0h:1m:18s+624ms</span>
									</div>
																	</div>
							</div>
<div class="detail-body mt-4">												
	
<table class="table table-sm">
	<thead><tr>
		<th class="status-col">Status</th>
		<th class="timestamp-col">Timestamp</th>
		<th class="details-col">Details</th>
	</tr></thead>
	<tbody>
			<tr class="event-row">
				<td><i class="fa fa-info text-info"></i></td>
				<td>01:57:39</td>
				<td>
Execution Started									</td>
			</tr>
			<tr class="event-row">
				<td><i class="fa fa-info text-info"></i></td>
				<td>01:57:42</td>
				<td>
VUE_Login									</td>
			</tr>
			<tr class="event-row">
				<td><i class="fa fa-info text-info"></i></td>
				<td>01:57:54</td>
				<td>
VUE_Wait_For_State									</td>
			</tr>
			<tr class="event-row">
				<td><i class="fa fa-times text-fail"></i></td>
				<td>01:58:57</td>
				<td>
<pre>OpenQA.Selenium.WebDriverException: The HTTP request to the remote WebDriver server for URL http://localhost:32407/session/ddedaaabdc68904c63b5395494818311/element timed out after 60 seconds.
 ---> System.Net.WebException: The operation has timed out.
   at System.Net.HttpWebRequest.GetResponse()
   at OpenQA.Selenium.Remote.HttpCommandExecutor.MakeHttpRequest(HttpRequestInfo requestInfo)
   --- End of inner exception stack trace ---
   at OpenQA.Selenium.Remote.HttpCommandExecutor.MakeHttpRequest(HttpRequestInfo requestInfo)
   at OpenQA.Selenium.Remote.HttpCommandExecutor.Execute(Command commandToExecute)
   at OpenQA.Selenium.Remote.DriverServiceCommandExecutor.Execute(Command commandToExecute)
   at OpenQA.Selenium.Remote.RemoteWebDriver.Execute(String driverCommandToExecute, Dictionary`2 parameters)
   at OpenQA.Selenium.Remote.RemoteWebDriver.FindElement(String mechanism, String value)
   at SeleniumExtras.WaitHelpers.ExpectedConditions.<>c__DisplayClass19_0.<ElementToBeClickable>b__0(IWebDriver driver)
   at OpenQA.Selenium.Support.UI.DefaultWait`1.Until[TResult](Func`2 condition)
   at Suren_nunit.Utility.Custommethods.Click(IWebDriver driver, String testname, String element, String elementtype) in D:\BitBucket\SYSTST_Automation_1.0\SYSTST_Automation\Utility\Custommethods.cs:line 43
   at Suren_nunit.Page.MethodsVUE.VUE_Wait_For_State(IWebDriver driver, ExtentTest test, String testname, String state, String rc) in D:\BitBucket\SYSTST_Automation_1.0\SYSTST_Automation\Pages\MethodsVUE.cs:line 140
   at Suren_nunit.Suren_EHUB_HFBugs.EHUB_18585_3() in D:\BitBucket\SYSTST_Automation_1.0\SYSTST_Automation\Suren\Suren_EHUB_HFBugs.cs:line 579</pre>									</td>
			</tr>
			<tr class="event-row">
				<td><i class="fa fa-times text-fail"></i></td>
				<td>01:58:57</td>
				<td>
Snapshot below: AventStack.ExtentReports.ExtentTest									</td>
			</tr>
			<tr class="event-row">
				<td><i class="fa fa-times text-fail"></i></td>
				<td>01:58:57</td>
				<td>
Snapshot below: AventStack.ExtentReports.ExtentTest									</td>
			</tr>
	</tbody>
</table>

</div>    
<img class='r-img' title='' onerror='this.style.display="none"' data-featherlight='D:\BitBucket\SYSTST_Automation_1.0\SYSTST_Automation\bin\Debug\netcoreapp3.1\Logs\2021-05-03 1-58-55-AM.png' src='D:\BitBucket\SYSTST_Automation_1.0\SYSTST_Automation\bin\Debug\netcoreapp3.1\Logs\2021-05-03 1-58-55-AM.png' data-src='D:\BitBucket\SYSTST_Automation_1.0\SYSTST_Automation\bin\Debug\netcoreapp3.1\Logs\2021-05-03 1-58-55-AM.png'><img class='r-img' title='' onerror='this.style.display="none"' data-featherlight='D:\BitBucket\SYSTST_Automation_1.0\SYSTST_Automation\bin\Debug\netcoreapp3.1\Logs\2021-05-03 1-58-55-AM1_.png' src='D:\BitBucket\SYSTST_Automation_1.0\SYSTST_Automation\bin\Debug\netcoreapp3.1\Logs\2021-05-03 1-58-55-AM1_.png' data-src='D:\BitBucket\SYSTST_Automation_1.0\SYSTST_Automation\bin\Debug\netcoreapp3.1\Logs\2021-05-03 1-58-55-AM1_.png'>						</div>
					</li>
					<li class="test-item" status="fail" author="" device="" tag="" test-id="8"> 
						<div class="status-avatar fail-bg">
							<i class="fa fa-times text-white"></i>
						</div>
						<div class="open-test">
							<div class="test-detail"> 
								<p class="name">EHUB_18585_4</p> 
								<p class="duration text-sm">0h:1m:18s+946ms</p> 
								<span class="datetime">01:59:01 AM</span>
							</div>
						</div>
						<div class="test-contents d-none">
							<div class="detail-head">
								<div class="p-v-10 d-inline-block">	
									<div class="info">
										<h5 class="test-status text-fail">EHUB_18585_4</h5>
										<span class='badge badge-success'>5/3/2021 1:59:01 AM</span>
										<span class='badge badge-danger'>5/3/2021 2:00:20 AM</span>
										<span class='badge badge-default'>0h:1m:18s+946ms</span>
									</div>
																	</div>
							</div>
<div class="detail-body mt-4">												
	
<table class="table table-sm">
	<thead><tr>
		<th class="status-col">Status</th>
		<th class="timestamp-col">Timestamp</th>
		<th class="details-col">Details</th>
	</tr></thead>
	<tbody>
			<tr class="event-row">
				<td><i class="fa fa-info text-info"></i></td>
				<td>01:59:01</td>
				<td>
Execution Started									</td>
			</tr>
			<tr class="event-row">
				<td><i class="fa fa-info text-info"></i></td>
				<td>01:59:03</td>
				<td>
VUE_Login									</td>
			</tr>
			<tr class="event-row">
				<td><i class="fa fa-info text-info"></i></td>
				<td>01:59:16</td>
				<td>
VUE_Wait_For_State									</td>
			</tr>
			<tr class="event-row">
				<td><i class="fa fa-times text-fail"></i></td>
				<td>02:00:20</td>
				<td>
<pre>OpenQA.Selenium.WebDriverException: The HTTP request to the remote WebDriver server for URL http://localhost:32550/session/b98e22a115119922e7ba01c332f99655/element timed out after 60 seconds.
 ---> System.Net.WebException: The operation has timed out.
   at System.Net.HttpWebRequest.GetResponse()
   at OpenQA.Selenium.Remote.HttpCommandExecutor.MakeHttpRequest(HttpRequestInfo requestInfo)
   --- End of inner exception stack trace ---
   at OpenQA.Selenium.Remote.HttpCommandExecutor.MakeHttpRequest(HttpRequestInfo requestInfo)
   at OpenQA.Selenium.Remote.HttpCommandExecutor.Execute(Command commandToExecute)
   at OpenQA.Selenium.Remote.DriverServiceCommandExecutor.Execute(Command commandToExecute)
   at OpenQA.Selenium.Remote.RemoteWebDriver.Execute(String driverCommandToExecute, Dictionary`2 parameters)
   at OpenQA.Selenium.Remote.RemoteWebDriver.FindElement(String mechanism, String value)
   at SeleniumExtras.WaitHelpers.ExpectedConditions.<>c__DisplayClass19_0.<ElementToBeClickable>b__0(IWebDriver driver)
   at OpenQA.Selenium.Support.UI.DefaultWait`1.Until[TResult](Func`2 condition)
   at Suren_nunit.Utility.Custommethods.Click(IWebDriver driver, String testname, String element, String elementtype) in D:\BitBucket\SYSTST_Automation_1.0\SYSTST_Automation\Utility\Custommethods.cs:line 43
   at Suren_nunit.Page.MethodsVUE.VUE_Wait_For_State(IWebDriver driver, ExtentTest test, String testname, String state, String rc) in D:\BitBucket\SYSTST_Automation_1.0\SYSTST_Automation\Pages\MethodsVUE.cs:line 140
   at Suren_nunit.Suren_EHUB_HFBugs.EHUB_18585_4() in D:\BitBucket\SYSTST_Automation_1.0\SYSTST_Automation\Suren\Suren_EHUB_HFBugs.cs:line 653</pre>									</td>
			</tr>
			<tr class="event-row">
				<td><i class="fa fa-times text-fail"></i></td>
				<td>02:00:20</td>
				<td>
Snapshot below: AventStack.ExtentReports.ExtentTest									</td>
			</tr>
			<tr class="event-row">
				<td><i class="fa fa-times text-fail"></i></td>
				<td>02:00:20</td>
				<td>
Snapshot below: AventStack.ExtentReports.ExtentTest									</td>
			</tr>
	</tbody>
</table>

</div>    
<img class='r-img' title='' onerror='this.style.display="none"' data-featherlight='D:\BitBucket\SYSTST_Automation_1.0\SYSTST_Automation\bin\Debug\netcoreapp3.1\Logs\2021-05-03 2-00-17-AM.png' src='D:\BitBucket\SYSTST_Automation_1.0\SYSTST_Automation\bin\Debug\netcoreapp3.1\Logs\2021-05-03 2-00-17-AM.png' data-src='D:\BitBucket\SYSTST_Automation_1.0\SYSTST_Automation\bin\Debug\netcoreapp3.1\Logs\2021-05-03 2-00-17-AM.png'><img class='r-img' title='' onerror='this.style.display="none"' data-featherlight='D:\BitBucket\SYSTST_Automation_1.0\SYSTST_Automation\bin\Debug\netcoreapp3.1\Logs\2021-05-03 2-00-17-AM1_.png' src='D:\BitBucket\SYSTST_Automation_1.0\SYSTST_Automation\bin\Debug\netcoreapp3.1\Logs\2021-05-03 2-00-17-AM1_.png' data-src='D:\BitBucket\SYSTST_Automation_1.0\SYSTST_Automation\bin\Debug\netcoreapp3.1\Logs\2021-05-03 2-00-17-AM1_.png'>						</div>
					</li>
					<li class="test-item" status="pass" author="" device="" tag="" test-id="9"> 
						<div class="status-avatar pass-bg">
							<i class="fa fa-check text-white"></i>
						</div>
						<div class="open-test">
							<div class="test-detail"> 
								<p class="name">EHUB_19074</p> 
								<p class="duration text-sm">0h:0m:16s+805ms</p> 
								<span class="datetime">02:00:23 AM</span>
							</div>
						</div>
						<div class="test-contents d-none">
							<div class="detail-head">
								<div class="p-v-10 d-inline-block">	
									<div class="info">
										<h5 class="test-status text-pass">EHUB_19074</h5>
										<span class='badge badge-success'>5/3/2021 2:00:23 AM</span>
										<span class='badge badge-danger'>5/3/2021 2:00:40 AM</span>
										<span class='badge badge-default'>0h:0m:16s+805ms</span>
									</div>
																	</div>
							</div>
<div class="detail-body mt-4">												
	
<table class="table table-sm">
	<thead><tr>
		<th class="status-col">Status</th>
		<th class="timestamp-col">Timestamp</th>
		<th class="details-col">Details</th>
	</tr></thead>
	<tbody>
			<tr class="event-row">
				<td><i class="fa fa-info text-info"></i></td>
				<td>02:00:23</td>
				<td>
Execution Started									</td>
			</tr>
			<tr class="event-row">
				<td><i class="fa fa-info text-info"></i></td>
				<td>02:00:26</td>
				<td>
VUE_Login									</td>
			</tr>
			<tr class="event-row">
				<td><i class="fa fa-info text-info"></i></td>
				<td>02:00:40</td>
				<td>
VUE_Wait_For_State									</td>
			</tr>
	</tbody>
</table>

</div>    
						</div>
					</li>
            </ul>    
        </div>
    </div>
    <div class="test-content scrollable">
        <div class="test-content-tools">
            <ul>
                <li>
                    <a class="back-to-test" href="javascript:void(0)">
                        <i class="fa fa-arrow-left"></i>
                    </a>
                </li>
            </ul>
        </div>
        <div class="test-content-detail">
            <div class="detail-body"></div>
        </div>
    </div>
</div>
										<div class="container-fluid p-4 dashboard-view">
	<div class="row">
		<div class="col-md-12">
			<div class="card">
				<div class="card-header">
					<h6 class="card-title">Tests</h6>
				</div>
				<div class="card-body">
	                <div class="">
	                    <canvas id='parent-analysis' width='115' height='90'></canvas>
	                </div>
	            </div>
	            <div class="card-footer">
	                <div><small data-tooltip='11.11111111111111%'>
	                    <b>1</b> tests passed
                    </small></div>
	                <div>
	                    <small data-tooltip='88.88888888888889%'><b>8</b> tests failed, 
	                    <b data-tooltip='0%'>0</b> others
	                    </small>
                    </div>
	            </div>
			</div>
		</div>
			</div>
	<div class="row">
		<div class="col-md-3">
			<div class="card">
				<div class="card-body box-height-150">
	                <div class="media justify-content-between">
						<div>
							<h6 class="card-title">Tests</h6>
							<h2 class="font-size-28 font-weight-light">9</h2>
							<span class="text-semibold text-success font-size-15">
							<i class="ti-arrow-up font-size-11"></i> 
								<span>11.11%</span>
							</span>
						</div>
						<div class="align-self-end">
							<i class="fa fa-align-left font-size-70 opacity-01"></i>
						</div>
					</div>
	            </div>
			</div>
		</div>
		<div class="col-md-3">
			<div class="card">
				<div class="card-body box-height-150">
	                <div class="media justify-content-between">
						<div>
							<h6 class="card-title">Start</h6>
							<h6 class="font-weight-light">5/3/2021 1:48:40 AM</h6>
							<span class="text-semibold text-success font-size-15">
						</div>
						<div class="align-self-end">
							<i class="fa fa-clock-o font-size-70 text-success opacity-01"></i>
						</div>
					</div>
	            </div>
			</div>
		</div>
		<div class="col-md-3">
			<div class="card">
				<div class="card-body box-height-150">
	                <div class="media justify-content-between">
						<div>
							<h6 class="card-title">Duration</h6>
							<h6 class="font-weight-light">00:12:38.8856401</h6>
							<span class="text-semibold text-danger font-size-15">
						</div>
						<div class="align-self-end">
							<i class="fa fa-clock-o font-size-70 text-danger opacity-01"></i>
						</div>
					</div>
	            </div>
			</div>
		</div>
		<div class="col-md-3">
			<div class="card">
				<div class="card-body box-height-150">
	                <div class="media justify-content-between">
						<div>
							<p class="">Duration</p>
							<h6 class="font-weight-light">00:12:53.4862499</h6>
							<span class="text-semibold font-size-15">
						</div>
						<div class="align-self-end">
							<i class="fa fa-clock-o font-size-70 text-danger opacity-01"></i>
						</div>
					</div>
	            </div>
			</div>
		</div>
	</div>
	<div class="row">
							</div>
</div>
<script>
	var statusGroup = {
    parentCount: 9,
		passParent: 1,
		failParent: 8,
		fatalParent: 0,
		errorParent: 0,
		warningParent: 0,
		skipParent: 0,
		exceptionsParent: 8,
		childCount: 0,
		passChild: 0,
		failChild: 0,
		fatalChild: 0,
		errorChild: 0,
		warningChild: 0,
		skipChild: 0,
		infoChild: 0,
		debugChild: 0,
		exceptionsChild: 0,
		grandChildCount: 0,
		passGrandChild: 0,
		failGrandChild: 0,
		fatalGrandChild: 0,
		errorGrandChild: 0,
		warningGrandChild: 0,
		skipGrandChild: 0,
		infoGrandChild: 0,
		debugGrandChild: 0,
		exceptionsGrandChild: 0,
	};
</script>

                </div>
            </div>
        </div>
    </div>
	<script src="https://cdn.jsdelivr.net/gh/extent-framework/extent-github-cdn@cc89904c1a12065be1d08fc4994a258ef01b12bd/spark/js/scripts.js"></script>
<script type='text/javascript'>
	
</script>
</body>

</html>